mode: set
github.com/venicegeo/pzsvc-lib/file.go:29.46,30.19 1 1
github.com/venicegeo/pzsvc-lib/file.go:33.2,33.47 1 1
github.com/venicegeo/pzsvc-lib/file.go:30.19,32.3 1 1
github.com/venicegeo/pzsvc-lib/file.go:38.68,41.17 2 1
github.com/venicegeo/pzsvc-lib/file.go:44.2,44.16 1 1
github.com/venicegeo/pzsvc-lib/file.go:48.2,49.16 2 1
github.com/venicegeo/pzsvc-lib/file.go:53.2,53.15 1 1
github.com/venicegeo/pzsvc-lib/file.go:41.17,43.3 1 1
github.com/venicegeo/pzsvc-lib/file.go:44.16,46.3 1 0
github.com/venicegeo/pzsvc-lib/file.go:49.16,51.3 1 0
github.com/venicegeo/pzsvc-lib/file.go:57.86,59.31 2 1
github.com/venicegeo/pzsvc-lib/file.go:62.2,62.19 1 1
github.com/venicegeo/pzsvc-lib/file.go:59.31,61.3 1 0
github.com/venicegeo/pzsvc-lib/file.go:66.76,72.17 3 1
github.com/venicegeo/pzsvc-lib/file.go:75.2,75.16 1 1
github.com/venicegeo/pzsvc-lib/file.go:78.2,78.20 1 1
github.com/venicegeo/pzsvc-lib/file.go:89.2,90.16 2 1
github.com/venicegeo/pzsvc-lib/file.go:94.2,97.22 3 1
github.com/venicegeo/pzsvc-lib/file.go:72.17,74.3 1 1
github.com/venicegeo/pzsvc-lib/file.go:75.16,77.3 1 0
github.com/venicegeo/pzsvc-lib/file.go:78.20,81.17 3 1
github.com/venicegeo/pzsvc-lib/file.go:84.3,85.21 2 0
github.com/venicegeo/pzsvc-lib/file.go:81.17,83.4 1 1
github.com/venicegeo/pzsvc-lib/file.go:85.21,87.4 1 0
github.com/venicegeo/pzsvc-lib/file.go:90.16,92.3 1 0
github.com/venicegeo/pzsvc-lib/file.go:103.43,117.30 5 1
github.com/venicegeo/pzsvc-lib/file.go:121.2,123.15 2 1
github.com/venicegeo/pzsvc-lib/file.go:142.2,145.16 4 1
github.com/venicegeo/pzsvc-lib/file.go:149.2,149.21 1 1
github.com/venicegeo/pzsvc-lib/file.go:154.2,154.16 1 1
github.com/venicegeo/pzsvc-lib/file.go:158.2,159.16 2 1
github.com/venicegeo/pzsvc-lib/file.go:163.2,164.16 2 1
github.com/venicegeo/pzsvc-lib/file.go:168.2,168.37 1 1
github.com/venicegeo/pzsvc-lib/file.go:117.30,119.3 1 1
github.com/venicegeo/pzsvc-lib/file.go:124.2,125.3 1 1
github.com/venicegeo/pzsvc-lib/file.go:129.2,130.3 1 1
github.com/venicegeo/pzsvc-lib/file.go:134.2,135.3 1 1
github.com/venicegeo/pzsvc-lib/file.go:125.3,128.4 1 1
github.com/venicegeo/pzsvc-lib/file.go:130.3,133.4 2 1
github.com/venicegeo/pzsvc-lib/file.go:135.3,139.4 3 1
github.com/venicegeo/pzsvc-lib/file.go:145.16,147.3 1 0
github.com/venicegeo/pzsvc-lib/file.go:149.21,151.3 1 1
github.com/venicegeo/pzsvc-lib/file.go:151.3,153.3 1 1
github.com/venicegeo/pzsvc-lib/file.go:154.16,156.3 1 0
github.com/venicegeo/pzsvc-lib/file.go:159.16,161.3 1 0
github.com/venicegeo/pzsvc-lib/file.go:164.16,166.3 1 0
github.com/venicegeo/pzsvc-lib/file.go:173.43,178.16 3 1
github.com/venicegeo/pzsvc-lib/file.go:181.2,181.21 1 1
github.com/venicegeo/pzsvc-lib/file.go:184.2,184.81 1 1
github.com/venicegeo/pzsvc-lib/file.go:178.16,180.3 1 0
github.com/venicegeo/pzsvc-lib/file.go:181.21,183.3 1 0
github.com/venicegeo/pzsvc-lib/file.go:188.69,193.16 4 1
github.com/venicegeo/pzsvc-lib/file.go:197.2,197.27 1 1
github.com/venicegeo/pzsvc-lib/file.go:193.16,195.3 1 0
github.com/venicegeo/pzsvc-lib/file.go:201.86,208.16 4 1
github.com/venicegeo/pzsvc-lib/file.go:212.2,213.22 2 1
github.com/venicegeo/pzsvc-lib/file.go:208.16,210.3 1 0
github.com/venicegeo/pzsvc-lib/file.go:236.86,240.16 3 1
github.com/venicegeo/pzsvc-lib/file.go:244.2,245.16 2 1
github.com/venicegeo/pzsvc-lib/file.go:249.2,250.16 2 1
github.com/venicegeo/pzsvc-lib/file.go:254.2,254.32 1 1
github.com/venicegeo/pzsvc-lib/file.go:240.16,242.3 1 0
github.com/venicegeo/pzsvc-lib/file.go:245.16,247.3 1 0
github.com/venicegeo/pzsvc-lib/file.go:250.16,252.3 1 0
github.com/venicegeo/pzsvc-lib/file.go:260.69,276.2 4 1
github.com/venicegeo/pzsvc-lib/http.go:35.37,37.2 1 0
github.com/venicegeo/pzsvc-lib/http.go:42.32,43.23 1 1
github.com/venicegeo/pzsvc-lib/http.go:50.2,50.19 1 1
github.com/venicegeo/pzsvc-lib/http.go:43.23,49.3 2 1
github.com/venicegeo/pzsvc-lib/http.go:55.44,57.2 1 1
github.com/venicegeo/pzsvc-lib/http.go:64.102,67.17 2 1
github.com/venicegeo/pzsvc-lib/http.go:70.2,70.16 1 1
github.com/venicegeo/pzsvc-lib/http.go:77.2,77.41 1 1
github.com/venicegeo/pzsvc-lib/http.go:67.17,69.3 1 1
github.com/venicegeo/pzsvc-lib/http.go:70.16,71.18 1 1
github.com/venicegeo/pzsvc-lib/http.go:75.3,75.28 1 1
github.com/venicegeo/pzsvc-lib/http.go:71.18,74.4 2 0
github.com/venicegeo/pzsvc-lib/http.go:82.94,84.16 2 1
github.com/venicegeo/pzsvc-lib/http.go:87.2,88.16 2 1
github.com/venicegeo/pzsvc-lib/http.go:91.2,91.18 1 0
github.com/venicegeo/pzsvc-lib/http.go:84.16,86.3 1 0
github.com/venicegeo/pzsvc-lib/http.go:88.16,90.3 1 1
github.com/venicegeo/pzsvc-lib/http.go:96.107,107.16 4 1
github.com/venicegeo/pzsvc-lib/http.go:111.2,111.21 1 1
github.com/venicegeo/pzsvc-lib/http.go:127.2,128.16 2 1
github.com/venicegeo/pzsvc-lib/http.go:132.2,133.16 2 1
github.com/venicegeo/pzsvc-lib/http.go:137.2,141.16 4 1
github.com/venicegeo/pzsvc-lib/http.go:144.2,144.52 1 1
github.com/venicegeo/pzsvc-lib/http.go:149.2,149.18 1 1
github.com/venicegeo/pzsvc-lib/http.go:107.16,109.3 1 0
github.com/venicegeo/pzsvc-lib/http.go:111.21,114.17 3 1
github.com/venicegeo/pzsvc-lib/http.go:117.3,117.18 1 1
github.com/venicegeo/pzsvc-lib/http.go:121.3,122.17 2 1
github.com/venicegeo/pzsvc-lib/http.go:114.17,116.4 1 0
github.com/venicegeo/pzsvc-lib/http.go:117.18,119.4 1 0
github.com/venicegeo/pzsvc-lib/http.go:122.17,124.4 1 0
github.com/venicegeo/pzsvc-lib/http.go:128.16,130.3 1 0
github.com/venicegeo/pzsvc-lib/http.go:133.16,135.3 1 0
github.com/venicegeo/pzsvc-lib/http.go:141.16,143.3 1 0
github.com/venicegeo/pzsvc-lib/http.go:144.52,148.3 3 1
github.com/venicegeo/pzsvc-lib/http.go:154.85,162.31 2 1
github.com/venicegeo/pzsvc-lib/http.go:166.2,166.19 1 1
github.com/venicegeo/pzsvc-lib/http.go:179.2,182.16 3 1
github.com/venicegeo/pzsvc-lib/http.go:185.2,185.52 1 1
github.com/venicegeo/pzsvc-lib/http.go:191.2,191.18 1 1
github.com/venicegeo/pzsvc-lib/http.go:162.31,164.3 1 1
github.com/venicegeo/pzsvc-lib/http.go:166.19,168.17 2 1
github.com/venicegeo/pzsvc-lib/http.go:171.3,171.57 1 1
github.com/venicegeo/pzsvc-lib/http.go:168.17,170.4 1 0
github.com/venicegeo/pzsvc-lib/http.go:172.3,174.17 2 1
github.com/venicegeo/pzsvc-lib/http.go:174.17,176.4 1 0
github.com/venicegeo/pzsvc-lib/http.go:182.16,184.3 1 0
github.com/venicegeo/pzsvc-lib/http.go:185.52,189.3 3 1
github.com/venicegeo/pzsvc-lib/http.go:196.73,198.17 1 1
github.com/venicegeo/pzsvc-lib/http.go:202.2,202.27 1 1
github.com/venicegeo/pzsvc-lib/http.go:233.2,233.63 1 0
github.com/venicegeo/pzsvc-lib/http.go:198.17,200.3 1 0
github.com/venicegeo/pzsvc-lib/http.go:202.27,208.17 3 1
github.com/venicegeo/pzsvc-lib/http.go:212.3,217.78 2 1
github.com/venicegeo/pzsvc-lib/http.go:208.17,210.4 1 0
github.com/venicegeo/pzsvc-lib/http.go:217.78,219.4 1 1
github.com/venicegeo/pzsvc-lib/http.go:219.4,220.35 1 1
github.com/venicegeo/pzsvc-lib/http.go:223.4,223.32 1 1
github.com/venicegeo/pzsvc-lib/http.go:226.4,226.33 1 1
github.com/venicegeo/pzsvc-lib/http.go:229.4,229.129 1 1
github.com/venicegeo/pzsvc-lib/http.go:220.35,222.5 1 1
github.com/venicegeo/pzsvc-lib/http.go:223.32,225.5 1 1
github.com/venicegeo/pzsvc-lib/http.go:226.33,228.5 1 1
github.com/venicegeo/pzsvc-lib/http.go:238.52,241.44 3 1
github.com/venicegeo/pzsvc-lib/http.go:244.2,244.42 1 1
github.com/venicegeo/pzsvc-lib/http.go:241.44,243.3 1 1
github.com/venicegeo/pzsvc-lib/http.go:251.75,253.16 2 1
github.com/venicegeo/pzsvc-lib/http.go:256.2,257.16 2 1
github.com/venicegeo/pzsvc-lib/http.go:260.2,260.30 1 1
github.com/venicegeo/pzsvc-lib/http.go:253.16,255.3 1 0
github.com/venicegeo/pzsvc-lib/http.go:257.16,259.3 1 1
github.com/venicegeo/pzsvc-lib/http.go:269.62,272.2 2 1
github.com/venicegeo/pzsvc-lib/http.go:276.61,277.52 1 1
github.com/venicegeo/pzsvc-lib/http.go:284.2,284.32 1 1
github.com/venicegeo/pzsvc-lib/http.go:277.52,282.3 3 1
github.com/venicegeo/pzsvc-lib/http.go:289.75,291.16 2 1
github.com/venicegeo/pzsvc-lib/http.go:291.16,293.3 1 0
github.com/venicegeo/pzsvc-lib/http.go:293.3,295.3 1 1
github.com/venicegeo/pzsvc-lib/service.go:27.65,31.16 4 1
github.com/venicegeo/pzsvc-lib/service.go:35.2,35.41 1 1
github.com/venicegeo/pzsvc-lib/service.go:41.2,41.16 1 1
github.com/venicegeo/pzsvc-lib/service.go:31.16,33.3 1 0
github.com/venicegeo/pzsvc-lib/service.go:35.41,36.40 1 1
github.com/venicegeo/pzsvc-lib/service.go:36.40,38.4 1 1
github.com/venicegeo/pzsvc-lib/service.go:50.38,54.16 3 1
github.com/venicegeo/pzsvc-lib/service.go:58.2,64.35 3 1
github.com/venicegeo/pzsvc-lib/service.go:67.2,70.17 3 1
github.com/venicegeo/pzsvc-lib/service.go:77.2,77.16 1 1
github.com/venicegeo/pzsvc-lib/service.go:81.2,81.12 1 1
github.com/venicegeo/pzsvc-lib/service.go:54.16,56.3 1 0
github.com/venicegeo/pzsvc-lib/service.go:64.35,66.3 1 1
github.com/venicegeo/pzsvc-lib/service.go:70.17,73.3 2 1
github.com/venicegeo/pzsvc-lib/service.go:73.3,76.3 2 1
github.com/venicegeo/pzsvc-lib/service.go:77.16,79.3 1 0
github.com/venicegeo/pzsvc-lib/service.go:111.54,127.16 14 0
github.com/venicegeo/pzsvc-lib/service.go:131.2,134.16 4 0
github.com/venicegeo/pzsvc-lib/service.go:140.2,140.30 1 0
github.com/venicegeo/pzsvc-lib/service.go:144.2,146.22 2 0
github.com/venicegeo/pzsvc-lib/service.go:127.16,129.3 1 0
github.com/venicegeo/pzsvc-lib/service.go:134.16,138.3 3 0
github.com/venicegeo/pzsvc-lib/service.go:140.30,142.3 1 0
github.com/venicegeo/pzsvc-lib/service.go:151.51,153.21 1 0
github.com/venicegeo/pzsvc-lib/service.go:156.2,157.12 2 0
github.com/venicegeo/pzsvc-lib/service.go:153.21,155.3 1 0
github.com/venicegeo/pzsvc-lib/testutils.go:35.29,35.43 1 1
github.com/venicegeo/pzsvc-lib/testutils.go:52.57,54.2 1 1
github.com/venicegeo/pzsvc-lib/testutils.go:65.50,70.2 4 1
github.com/venicegeo/pzsvc-lib/testutils.go:72.88,81.51 3 1
github.com/venicegeo/pzsvc-lib/testutils.go:93.2,93.22 1 1
github.com/venicegeo/pzsvc-lib/testutils.go:81.51,83.3 1 1
github.com/venicegeo/pzsvc-lib/testutils.go:83.3,84.31 1 1
github.com/venicegeo/pzsvc-lib/testutils.go:90.3,91.24 2 1
github.com/venicegeo/pzsvc-lib/testutils.go:84.31,89.4 3 0
github.com/venicegeo/pzsvc-lib/testutils.go:98.67,103.2 4 1
github.com/venicegeo/pzsvc-lib/testutils.go:105.48,107.2 1 1
github.com/venicegeo/pzsvc-lib/testutils.go:109.59,112.2 2 1
github.com/venicegeo/pzsvc-lib/testutils.go:114.51,116.2 1 1
github.com/venicegeo/pzsvc-lib/utils.go:30.33,32.2 1 0
github.com/venicegeo/pzsvc-lib/utils.go:37.38,39.16 2 1
github.com/venicegeo/pzsvc-lib/utils.go:42.2,42.43 1 0
github.com/venicegeo/pzsvc-lib/utils.go:39.16,41.3 1 1
github.com/venicegeo/pzsvc-lib/utils.go:48.37,50.2 1 1
github.com/venicegeo/pzsvc-lib/utils.go:54.32,55.16 1 1
github.com/venicegeo/pzsvc-lib/utils.go:58.2,58.12 1 1
github.com/venicegeo/pzsvc-lib/utils.go:55.16,57.3 1 1
github.com/venicegeo/pzsvc-lib/utils.go:63.40,64.18 1 1
github.com/venicegeo/pzsvc-lib/utils.go:67.2,67.12 1 0
github.com/venicegeo/pzsvc-lib/utils.go:64.18,66.3 1 1
github.com/venicegeo/pzsvc-lib/utils.go:72.47,74.17 2 1
github.com/venicegeo/pzsvc-lib/utils.go:77.2,78.30 2 1
github.com/venicegeo/pzsvc-lib/utils.go:81.2,81.14 1 1
github.com/venicegeo/pzsvc-lib/utils.go:74.17,76.3 1 0
github.com/venicegeo/pzsvc-lib/utils.go:78.30,80.3 1 1
github.com/venicegeo/pzsvc-lib/utils.go:88.32,91.16 3 1
github.com/venicegeo/pzsvc-lib/utils.go:95.2,95.84 1 1
github.com/venicegeo/pzsvc-lib/utils.go:91.16,93.3 1 0
github.com/venicegeo/pzsvc-lib/workflow.go:32.107,42.41 2 1
github.com/venicegeo/pzsvc-lib/workflow.go:45.2,45.115 1 1
github.com/venicegeo/pzsvc-lib/workflow.go:51.2,51.32 1 1
github.com/venicegeo/pzsvc-lib/workflow.go:80.2,80.20 1 1
github.com/venicegeo/pzsvc-lib/workflow.go:83.2,83.20 1 1
github.com/venicegeo/pzsvc-lib/workflow.go:42.41,44.3 1 0
github.com/venicegeo/pzsvc-lib/workflow.go:45.115,47.3 1 0
github.com/venicegeo/pzsvc-lib/workflow.go:51.32,54.45 3 1
github.com/venicegeo/pzsvc-lib/workflow.go:65.3,65.21 1 1
github.com/venicegeo/pzsvc-lib/workflow.go:68.3,68.18 1 1
github.com/venicegeo/pzsvc-lib/workflow.go:54.45,55.39 1 0
github.com/venicegeo/pzsvc-lib/workflow.go:55.39,57.54 2 0
github.com/venicegeo/pzsvc-lib/workflow.go:62.5,62.10 1 0
github.com/venicegeo/pzsvc-lib/workflow.go:57.54,61.6 3 0
github.com/venicegeo/pzsvc-lib/workflow.go:65.21,66.9 1 0
github.com/venicegeo/pzsvc-lib/workflow.go:68.18,71.74 3 1
github.com/venicegeo/pzsvc-lib/workflow.go:71.74,73.10 2 1
github.com/venicegeo/pzsvc-lib/workflow.go:74.5,76.5 1 0
github.com/venicegeo/pzsvc-lib/workflow.go:80.20,82.3 1 1
github.com/venicegeo/pzsvc-lib/workflow.go:87.37,89.2 1 1
github.com/venicegeo/pzsvc-lib/workflow.go:92.83,100.62 2 1
github.com/venicegeo/pzsvc-lib/workflow.go:104.2,104.121 1 1
github.com/venicegeo/pzsvc-lib/workflow.go:107.2,109.20 2 1
github.com/venicegeo/pzsvc-lib/workflow.go:100.62,102.3 1 0
github.com/venicegeo/pzsvc-lib/workflow.go:104.121,106.3 1 0
github.com/venicegeo/pzsvc-lib/workflow.go:113.74,123.2 3 1
github.com/venicegeo/pzsvc-lib/workflow.go:126.75,132.56 2 1
github.com/venicegeo/pzsvc-lib/workflow.go:136.2,136.106 1 1
github.com/venicegeo/pzsvc-lib/workflow.go:140.2,140.20 1 1
github.com/venicegeo/pzsvc-lib/workflow.go:132.56,134.3 1 0
github.com/venicegeo/pzsvc-lib/workflow.go:136.106,138.3 1 0
github.com/venicegeo/pzsvc-lib/workflow.go:145.81,148.19 2 1
github.com/venicegeo/pzsvc-lib/workflow.go:151.2,151.18 1 1
github.com/venicegeo/pzsvc-lib/workflow.go:155.2,157.99 2 1
github.com/venicegeo/pzsvc-lib/workflow.go:160.2,160.26 1 1
github.com/venicegeo/pzsvc-lib/workflow.go:148.19,150.3 1 1
github.com/venicegeo/pzsvc-lib/workflow.go:151.18,153.3 1 1
github.com/venicegeo/pzsvc-lib/workflow.go:157.99,159.3 1 0
github.com/venicegeo/pzsvc-lib/workflow.go:164.73,166.45 2 1
github.com/venicegeo/pzsvc-lib/workflow.go:166.45,168.3 1 1
github.com/venicegeo/pzsvc-lib/workflow.go:168.3,170.3 1 0
github.com/venicegeo/pzsvc-lib/workflow.go:174.83,180.60 2 1
github.com/venicegeo/pzsvc-lib/workflow.go:184.2,184.110 1 1
github.com/venicegeo/pzsvc-lib/workflow.go:188.2,188.20 1 1
github.com/venicegeo/pzsvc-lib/workflow.go:180.60,182.3 1 0
github.com/venicegeo/pzsvc-lib/workflow.go:184.110,186.3 1 0
github.com/venicegeo/pzsvc-lib/semaphore.go:27.27,28.14 1 0
github.com/venicegeo/pzsvc-lib/semaphore.go:28.14,31.3 2 0
github.com/venicegeo/pzsvc-lib/semaphore.go:35.29,36.14 1 0
github.com/venicegeo/pzsvc-lib/semaphore.go:36.14,38.3 1 0
